2025-04-05 21:13:14,446 - converter_app - INFO - Начата конвертация файла mem.jpg в формат png
2025-04-05 21:14:39,535 - converter_app - INFO - Начата конвертация файла mem.jpg в формат png
2025-04-05 21:14:51,656 - converter_app - INFO - Начата конвертация файла mem.jpg в формат png
2025-04-05 21:17:52,224 - converter_app - INFO - Начата конвертация файла mem.jpg в формат png
2025-04-05 21:17:52,292 - converter_app - INFO - Конвертация завершена за 0.07 секунд
2025-04-05 21:35:31,260 - converter_app - INFO - Начата конвертация файла mem.png в формат png
2025-04-05 21:35:31,330 - converter_app - INFO - Конвертация завершена за 0.07 секунд
2025-04-05 21:37:05,197 - converter_app - INFO - Начата конвертация файла mem (1).png в формат gif
2025-04-05 21:37:05,282 - converter_app - INFO - Конвертация завершена за 0.08 секунд
2025-04-05 21:37:14,600 - converter_app - INFO - Начата конвертация файла mem (1).png в формат gif
2025-04-05 21:37:14,675 - converter_app - INFO - Конвертация завершена за 0.08 секунд
2025-04-05 21:43:01,949 - converter_app - INFO - Начата конвертация файла mem (1).png в формат jpg
2025-04-05 21:43:40,349 - converter_app - INFO - Начата конвертация файла mem (1).png в формат jpg
2025-04-05 21:43:56,410 - converter_app - INFO - Начата конвертация файла mem (1).png в формат jpg
2025-04-05 21:43:56,450 - converter_app - ERROR - Ошибка при конвертации файла: 'JPG'
2025-04-05 21:43:56,451 - converter_app - INFO - Удален файл: uploads/b8056360-21d9-4e32-a43c-91f57dcd80fe.png
2025-04-05 21:43:56,451 - converter_app - ERROR - Ошибка при удалении файла converted/b8056360-21d9-4e32-a43c-91f57dcd80fe.jpg: [Errno 2] No such file or directory: 'converted/b8056360-21d9-4e32-a43c-91f57dcd80fe.jpg'
2025-04-05 21:44:56,162 - converter_app - INFO - Начата конвертация файла mem (1).png в формат gif
2025-04-05 21:44:56,244 - converter_app - INFO - Конвертация завершена за 0.08 секунд
2025-04-05 21:44:56,244 - converter_app - INFO - Удален файл: uploads/c4797611-60f1-46cc-9297-9b98310f6c91.png
2025-04-05 21:44:56,245 - converter_app - INFO - Удален файл: converted/c4797611-60f1-46cc-9297-9b98310f6c91.gif
2025-04-05 21:45:25,092 - converter_app - INFO - Начата конвертация файла mem (1).png в формат gif
2025-04-05 21:45:25,187 - converter_app - INFO - Конвертация завершена за 0.09 секунд
2025-04-05 21:45:25,187 - converter_app - INFO - Удален файл: uploads/b95916c6-9224-45d6-a8c5-84e749960d2e.png
2025-04-05 21:45:25,187 - converter_app - INFO - Удален файл: converted/b95916c6-9224-45d6-a8c5-84e749960d2e.gif
2025-04-05 21:45:29,354 - converter_app - INFO - Начата конвертация файла mem (1).png в формат gif
2025-04-05 21:45:29,430 - converter_app - INFO - Конвертация завершена за 0.08 секунд
2025-04-05 21:45:29,430 - converter_app - INFO - Удален файл: uploads/0145185c-353f-42a1-b98b-362f651a303c.png
2025-04-05 21:45:29,430 - converter_app - INFO - Удален файл: converted/0145185c-353f-42a1-b98b-362f651a303c.gif
2025-04-05 21:45:30,141 - converter_app - INFO - Начата конвертация файла mem (1).png в формат gif
2025-04-05 21:45:30,226 - converter_app - INFO - Конвертация завершена за 0.08 секунд
2025-04-05 21:45:30,226 - converter_app - INFO - Удален файл: uploads/d424502b-9459-4721-9955-1e28b935b19a.png
2025-04-05 21:45:30,226 - converter_app - INFO - Удален файл: converted/d424502b-9459-4721-9955-1e28b935b19a.gif
2025-04-05 21:45:30,307 - converter_app - INFO - Начата конвертация файла mem (1).png в формат gif
2025-04-05 21:45:30,394 - converter_app - INFO - Конвертация завершена за 0.09 секунд
2025-04-05 21:45:30,395 - converter_app - INFO - Удален файл: uploads/df3c789b-baca-4dfb-9391-890ca17b6c64.png
2025-04-05 21:45:30,395 - converter_app - INFO - Удален файл: converted/df3c789b-baca-4dfb-9391-890ca17b6c64.gif
2025-04-05 21:45:30,477 - converter_app - INFO - Начата конвертация файла mem (1).png в формат gif
2025-04-05 21:45:30,579 - converter_app - INFO - Конвертация завершена за 0.10 секунд
2025-04-05 21:45:30,579 - converter_app - INFO - Удален файл: uploads/4ef62280-5876-4b9a-9e65-5eef64c0a78f.png
2025-04-05 21:45:30,579 - converter_app - INFO - Удален файл: converted/4ef62280-5876-4b9a-9e65-5eef64c0a78f.gif
2025-04-05 21:45:30,641 - converter_app - INFO - Начата конвертация файла mem (1).png в формат gif
2025-04-05 21:45:30,719 - converter_app - INFO - Конвертация завершена за 0.08 секунд
2025-04-05 21:45:30,719 - converter_app - INFO - Удален файл: uploads/02f3d3ba-06a9-4ab2-9b3d-3a9fa2ee8bd1.png
2025-04-05 21:45:30,719 - converter_app - INFO - Удален файл: converted/02f3d3ba-06a9-4ab2-9b3d-3a9fa2ee8bd1.gif
2025-04-05 21:45:30,806 - converter_app - INFO - Начата конвертация файла mem (1).png в формат gif
2025-04-05 21:45:30,887 - converter_app - INFO - Конвертация завершена за 0.08 секунд
2025-04-05 21:45:30,887 - converter_app - INFO - Удален файл: uploads/dc4696e3-3a6b-4971-91b2-185254ac725b.png
2025-04-05 21:45:30,887 - converter_app - INFO - Удален файл: converted/dc4696e3-3a6b-4971-91b2-185254ac725b.gif
2025-04-05 21:45:30,956 - converter_app - INFO - Начата конвертация файла mem (1).png в формат gif
2025-04-05 21:45:31,032 - converter_app - INFO - Конвертация завершена за 0.08 секунд
2025-04-05 21:45:31,033 - converter_app - INFO - Удален файл: uploads/0d1686f9-189b-4d2e-9f70-792d55c38b9d.png
2025-04-05 21:45:31,033 - converter_app - INFO - Удален файл: converted/0d1686f9-189b-4d2e-9f70-792d55c38b9d.gif
2025-04-05 21:45:31,261 - converter_app - INFO - Начата конвертация файла mem (1).png в формат gif
2025-04-05 21:45:31,335 - converter_app - INFO - Конвертация завершена за 0.07 секунд
2025-04-05 21:45:31,336 - converter_app - INFO - Удален файл: uploads/ecc3d72a-d3f5-4186-bd3e-9da31e05f335.png
2025-04-05 21:45:31,336 - converter_app - INFO - Удален файл: converted/ecc3d72a-d3f5-4186-bd3e-9da31e05f335.gif
2025-04-05 21:45:31,559 - converter_app - INFO - Начата конвертация файла mem (1).png в формат gif
2025-04-05 21:45:31,638 - converter_app - INFO - Конвертация завершена за 0.08 секунд
2025-04-05 21:45:31,638 - converter_app - INFO - Удален файл: uploads/942b7557-39ec-404e-ae52-eb856efe3090.png
2025-04-05 21:45:31,638 - converter_app - INFO - Удален файл: converted/942b7557-39ec-404e-ae52-eb856efe3090.gif
2025-04-05 21:45:31,718 - converter_app - INFO - Начата конвертация файла mem (1).png в формат gif
2025-04-05 21:45:31,794 - converter_app - INFO - Конвертация завершена за 0.08 секунд
2025-04-05 21:45:31,794 - converter_app - INFO - Удален файл: uploads/cfc48aa4-e730-4e16-a4b5-06e2f50f7ed2.png
2025-04-05 21:45:31,795 - converter_app - INFO - Удален файл: converted/cfc48aa4-e730-4e16-a4b5-06e2f50f7ed2.gif
2025-04-05 21:45:31,881 - converter_app - INFO - Начата конвертация файла mem (1).png в формат gif
2025-04-05 21:45:31,958 - converter_app - INFO - Конвертация завершена за 0.08 секунд
2025-04-05 21:45:31,958 - converter_app - INFO - Удален файл: uploads/19eb13fa-aaf3-4a9c-a7f8-aa78c3131460.png
2025-04-05 21:45:31,959 - converter_app - INFO - Удален файл: converted/19eb13fa-aaf3-4a9c-a7f8-aa78c3131460.gif
2025-04-05 21:45:32,047 - converter_app - INFO - Начата конвертация файла mem (1).png в формат gif
2025-04-05 21:45:32,123 - converter_app - INFO - Конвертация завершена за 0.08 секунд
2025-04-05 21:45:32,123 - converter_app - INFO - Удален файл: uploads/f15d286b-2ff0-4332-bba7-4a8af85ded81.png
2025-04-05 21:45:32,123 - converter_app - INFO - Удален файл: converted/f15d286b-2ff0-4332-bba7-4a8af85ded81.gif
2025-04-05 21:45:34,652 - converter_app - INFO - Начата конвертация файла mem (1).png в формат gif
2025-04-05 21:45:34,729 - converter_app - INFO - Конвертация завершена за 0.08 секунд
2025-04-05 21:45:34,729 - converter_app - INFO - Удален файл: uploads/5ff38388-c53d-4a08-a627-1e7831db8b16.png
2025-04-05 21:45:34,729 - converter_app - INFO - Удален файл: converted/5ff38388-c53d-4a08-a627-1e7831db8b16.gif
2025-04-05 21:45:34,809 - converter_app - INFO - Начата конвертация файла mem (1).png в формат gif
2025-04-05 21:45:34,893 - converter_app - INFO - Конвертация завершена за 0.08 секунд
2025-04-05 21:45:34,893 - converter_app - INFO - Удален файл: uploads/f6ac438f-50db-4b92-a96c-99142ac0fe68.png
2025-04-05 21:45:34,894 - converter_app - INFO - Удален файл: converted/f6ac438f-50db-4b92-a96c-99142ac0fe68.gif
2025-04-05 21:45:34,927 - converter_app - INFO - Начата конвертация файла mem (1).png в формат gif
2025-04-05 21:45:35,021 - converter_app - INFO - Конвертация завершена за 0.09 секунд
2025-04-05 21:45:35,021 - converter_app - INFO - Удален файл: uploads/fc244a68-351e-45bc-94e2-06aa9aeb1920.png
2025-04-05 21:45:35,021 - converter_app - INFO - Удален файл: converted/fc244a68-351e-45bc-94e2-06aa9aeb1920.gif
2025-04-05 21:45:35,057 - converter_app - INFO - Начата конвертация файла mem (1).png в формат gif
2025-04-05 21:45:35,154 - converter_app - INFO - Конвертация завершена за 0.10 секунд
2025-04-05 21:45:35,154 - converter_app - INFO - Удален файл: uploads/c920dbe1-df31-49fb-bde5-a412d8da0c4b.png
2025-04-05 21:45:35,154 - converter_app - INFO - Удален файл: converted/c920dbe1-df31-49fb-bde5-a412d8da0c4b.gif
2025-04-05 21:45:35,319 - converter_app - INFO - Начата конвертация файла mem (1).png в формат gif
2025-04-05 21:45:35,396 - converter_app - INFO - Конвертация завершена за 0.08 секунд
2025-04-05 21:45:35,396 - converter_app - INFO - Удален файл: uploads/e8c45e76-aad5-4cf0-99c1-4f089dc7984d.png
2025-04-05 21:45:35,396 - converter_app - INFO - Удален файл: converted/e8c45e76-aad5-4cf0-99c1-4f089dc7984d.gif
2025-04-05 21:45:35,478 - converter_app - INFO - Начата конвертация файла mem (1).png в формат gif
2025-04-05 21:45:35,557 - converter_app - INFO - Конвертация завершена за 0.08 секунд
2025-04-05 21:45:35,557 - converter_app - INFO - Удален файл: uploads/12d14afd-9e33-419e-8668-e89c5b6186f7.png
2025-04-05 21:45:35,557 - converter_app - INFO - Удален файл: converted/12d14afd-9e33-419e-8668-e89c5b6186f7.gif
2025-04-05 21:45:35,638 - converter_app - INFO - Начата конвертация файла mem (1).png в формат gif
2025-04-05 21:45:35,716 - converter_app - INFO - Конвертация завершена за 0.08 секунд
2025-04-05 21:45:35,716 - converter_app - INFO - Удален файл: uploads/f51c4e60-6ee9-42d8-8fa2-a088dec095ac.png
2025-04-05 21:45:35,717 - converter_app - INFO - Удален файл: converted/f51c4e60-6ee9-42d8-8fa2-a088dec095ac.gif
2025-04-05 21:45:35,926 - converter_app - INFO - Начата конвертация файла mem (1).png в формат gif
2025-04-05 21:45:36,005 - converter_app - INFO - Конвертация завершена за 0.08 секунд
2025-04-05 21:45:36,006 - converter_app - INFO - Удален файл: uploads/cc51e493-35a7-4f8d-ac5e-17047df67204.png
2025-04-05 21:45:36,006 - converter_app - INFO - Удален файл: converted/cc51e493-35a7-4f8d-ac5e-17047df67204.gif
2025-04-05 21:47:29,582 - converter_app - INFO - Начата конвертация файла mem (1).png в формат gif
2025-04-05 21:47:29,679 - converter_app - INFO - Конвертация завершена за 0.10 секунд
2025-04-05 21:47:29,679 - converter_app - ERROR - Ошибка при конвертации файла: StreamingResponse.__init__() got an unexpected keyword argument 'path'
2025-04-05 21:47:29,680 - converter_app - INFO - Удален файл: uploads/35e953e2-0d08-4d01-a936-60ef44b453bd.png
2025-04-05 21:47:29,680 - converter_app - INFO - Удален файл: converted/35e953e2-0d08-4d01-a936-60ef44b453bd.gif
2025-04-05 21:47:36,311 - converter_app - INFO - Начата конвертация файла mem (1).png в формат gif
2025-04-05 21:47:36,386 - converter_app - INFO - Конвертация завершена за 0.08 секунд
2025-04-05 21:47:36,386 - converter_app - ERROR - Ошибка при конвертации файла: StreamingResponse.__init__() got an unexpected keyword argument 'path'
2025-04-05 21:47:36,387 - converter_app - INFO - Удален файл: uploads/15a54a07-beae-45eb-a4f0-1792edbd6b99.png
2025-04-05 21:47:36,387 - converter_app - INFO - Удален файл: converted/15a54a07-beae-45eb-a4f0-1792edbd6b99.gif
2025-04-05 21:48:27,100 - converter_app - INFO - Начата конвертация файла mem (1).png в формат gif
2025-04-05 21:48:27,239 - converter_app - INFO - Конвертация завершена за 0.14 секунд
2025-04-05 21:48:27,239 - converter_app - ERROR - Ошибка при конвертации файла: 'StreamingResponse' object has no attribute 'on_complete'
2025-04-05 21:48:27,239 - converter_app - INFO - Удален файл: uploads/6b324768-e44f-49ed-9d0a-f836d24e690e.png
2025-04-05 21:48:27,239 - converter_app - INFO - Удален файл: converted/6b324768-e44f-49ed-9d0a-f836d24e690e.gif
2025-04-05 22:01:10,928 - converter_app - INFO - Конвертация завершена за 0.11 секунд
2025-04-05 22:01:11,090 - converter_app - ERROR - Ошибка при удалении файла /home/nntdgrs/PycharmProjects/File-Converter/uploads/16f85313-ddb4-4adf-a585-bae24d95bd1a.png: 'in <string>' requires string as left operand, not PosixPath
2025-04-05 22:02:35,217 - converter_app - INFO - Конвертация завершена за 0.10 секунд
2025-04-05 22:02:35,350 - converter_app - INFO - Удален файл: /home/nntdgrs/PycharmProjects/File-Converter/uploads/f387725b-f563-40db-bc34-57e7812c3a60.png
2025-04-05 22:02:35,350 - converter_app - INFO - Удален файл: /home/nntdgrs/PycharmProjects/File-Converter/converted/f387725b-f563-40db-bc34-57e7812c3a60.gif
